<?xml version="1.0" encoding="UTF-8"?>
<testsuite name="pl.ingbank.visiona.tests.pages.login.LoginPageFOTests" tests="2" skipped="0" failures="0" errors="0" timestamp="2019-07-11T12:06:23" hostname="WPPLL0002483" time="20.619">
  <properties/>
  <testcase name="logInFrontOfficeAsVtest1User()" classname="pl.ingbank.visiona.tests.pages.login.LoginPageFOTests" time="14.539"/>
  <testcase name="logInFrontOfficeAsMasterUser()" classname="pl.ingbank.visiona.tests.pages.login.LoginPageFOTests" time="6.079"/>
  <system-out><![CDATA[14:06:38.350 [ForkJoinPool-1-worker-1] INFO  p.i.v.t.p.l.LoginPageFOTests - ... before each test in class ...
14:06:44.415 [ForkJoinPool-1-worker-1] INFO  p.i.v.t.a.AbstractTest - ... after all tests in class (once)
]]></system-out>
  <system-err><![CDATA[]]></system-err>
</testsuite>
